
Petモデルのテスト
  バリデーションのテスト
    nameカラム
[32m      空欄でないこと[0m
    introductionカラム
[31m      空欄でないこと (FAILED - 1)[0m
[31m      200文字以下であること: 200文字は〇 (FAILED - 2)[0m
[32m      200文字以下であること: 201文字は×[0m
  アソシエーションのテスト
    Userモデルとの関係
[32m      N:1となっている[0m

Userモデルのテスト
  バリデーションのテスト
    last_nameカラム
[32m      空欄でないこと[0m
    first_nameカラム
[32m      空欄でないこと[0m
    last_name_kanaカラム
[32m      空欄でないこと[0m
    first_name_kanaカラム
[32m      空欄でないこと[0m
    introductionカラム
[31m      50文字以下であること: 50文字は〇 (FAILED - 3)[0m
[32m      50文字以下であること: 51文字は×[0m
  アソシエーションのテスト
    Petモデルとの関係
[32m      1:Nとなっている[0m

[STEP1] ユーザログイン前のテスト
  トップ画面のテスト
    表示内容の確認
[32m      URLが正しい[0m
  アバウト画面のテスト
    表示内容の確認
[32m      URLが正しい[0m
  ヘッダーのテスト: ログインしていない場合
    表示内容の確認
[32m      タイトルが表示される[0m
[32m      TOPリンクが表示される: 左上から1番目のリンクが「TOP」である[0m
[32m      ABOUTリンクが表示される: 左上から2番目のリンクが「ABOUT」である[0m
[32m      飼い主さん募集中の動物たちリンクが表示される: 左上から3番目のリンクが「飼い主さん募集中の動物たち」である[0m
[32m      登録するリンクが表示される: 左上から4番目のリンクが「登録する」である[0m
[32m      ログインリンクが表示される: 左上から5番目のリンクが「ログイン」である[0m
    リンクの内容を確認
[32m      TOPを押すと、トップ画面に遷移する[0m
[32m      ABOUTを押すと、アバウト画面に遷移する[0m
[32m      飼い主さん募集中の動物たちを押すと、ペット一覧画面に遷移する[0m
[32m      登録するを押すと、新規登録画面に遷移する[0m
[32m      ログインを押すと、ログイン画面に遷移する[0m
  ユーザ新規登録のテスト
    表示内容の確認
[32m      URLが正しい[0m
[31m      「新規登録」と表示される (FAILED - 4)[0m
[32m      last_nameフォームが表示される[0m
[32m      first_nameフォームが表示される[0m
[32m      last_name_kanaフォームが表示される[0m
[32m      first_name_kanaフォームが表示される[0m
[32m      zipcodeフォームが表示される[0m
[32m      addressフォームが表示される[0m
[32m      phone_numberフォームが表示される[0m
[32m      emailフォームが表示される[0m
[32m      passwordフォームが表示される[0m
[32m      password_confirmationフォームが表示される[0m
[31m      Sign upボタンが表示される (FAILED - 5)[0m
    新規登録成功のテスト
[31m      正しく新規登録される (FAILED - 6)[0m
[31m      新規登録後のリダイレクト先が、新規登録できたユーザの詳細画面になっている (FAILED - 7)[0m
  ユーザログイン
    表示内容の確認
[32m      URLが正しい[0m
[32m      「ログイン」と表示される[0m
[32m      emailフォームが表示される[0m
[32m      passwordフォームが表示される[0m
[32m      Sign upボタンが表示される[0m
    ログイン成功のテスト
[31m      ログイン後のリダイレクト先が、ログインしたユーザの詳細画面になっている (FAILED - 8)[0m
    ログイン失敗のテスト
[32m      ログインに失敗し、ログイン画面にリダイレクトされる[0m
  ヘッダーのテスト: ログインしている場合
    ヘッダーの表示を確認
[32m      TOPリンクが表示される: 左上から1番目のリンクが「TOP」である[0m
[31m      マイページリンクが表示される: 左上から2番目のリンクが「マイページ」である (FAILED - 9)[0m
[32m      飼い主さん募集中の動物たちリンクが表示される: 左上から3番目のリンクが「飼い主さん募集中の動物たち」である[0m
[31m      投稿フォームリンクが表示される: 左上から4番目のリンクが「投稿フォーム」である (FAILED - 10)[0m
[31m      ABOUTリンクが表示される: 左上から5番目のリンクが「ABOUT」である (FAILED - 11)[0m
[31m      ログアウトリンクが表示される: 左上から6番目のリンクが「ログアウト」である (FAILED - 12)[0m
  ユーザログアウトのテスト
    ログアウト機能のテスト
[32m      正しくログアウトできている: ログアウト後のリダイレクト先においてABOUT画面へのリンクが存在する[0m
[32m      ログアウト後のリダイレクト先が、トップになっている[0m

[STEP2] ユーザログイン後のテスト
  ヘッダーのテスト: ログインしている場合
    リンクの内容を確認: ※logoutは『ユーザログアウトのテスト』でテスト済みになります。
[32m      TOPを押すと、トップ画面に遷移する[0m
[31m      マイページを押すと、自分のユーザ詳細画面に遷移する (FAILED - 13)[0m
[32m      飼い主さん募集中の動物たちを押すと、ペット一覧画面に遷移する[0m
[31m      投稿フォームを押すと、ペット新規投稿フォームに遷移する (FAILED - 14)[0m
[31m      ABOUTを押すと、アバウト画面に遷移する (FAILED - 15)[0m
  ペット投稿一覧画面のテスト
    表示内容の確認
[32m      URLが正しい[0m
[31m      自分の投稿と他人の投稿のペットの画像のリンク先がそれぞれ正しい (FAILED - 16)[0m
[31m      自分の投稿と他人の投稿のペットの性別が表示される (FAILED - 17)[0m
[31m      自分の投稿と他人の投稿のペットの誕生日が表示される (FAILED - 18)[0m
[31m      自分の投稿と他人の投稿のペットの年齢が表示される (FAILED - 19)[0m
[31m      自分の投稿と他人の投稿のペットの都道府県が表示される (FAILED - 20)[0m
    サイドバーの確認
[31m      自分の名前と紹介文が表示される (FAILED - 21)[0m
  自分の投稿詳細画面のテスト
    表示内容の確認
[31m      URLが正しい (FAILED - 22)[0m
[31m      「ペット詳細」と表示される (FAILED - 23)[0m
[31m      投稿ペットの名前が表示される (FAILED - 24)[0m
[31m      投稿ペットの誕生日が表示される (FAILED - 25)[0m
[31m      投稿ペットの年齢が表示される (FAILED - 26)[0m
[31m      投稿ペットの性別が表示される (FAILED - 27)[0m
[31m      投稿ペットの都道府県が表示される (FAILED - 28)[0m
[31m      投稿ペットの紹介が表示される (FAILED - 29)[0m
[31m      投稿の編集リンクが表示される (FAILED - 30)[0m
    編集リンクのテスト
[31m      編集画面に遷移する (FAILED - 31)[0m
  自分の投稿編集画面のテスト
    表示の確認
[31m      URLが正しい (FAILED - 32)[0m
[31m      「投稿内容編集」と表示される (FAILED - 33)[0m
[31m      name編集フォームが表示される (FAILED - 34)[0m
[31m      birthday編集フォームが表示される (FAILED - 35)[0m
[31m      age編集フォームが表示される (FAILED - 36)[0m
[31m      gender編集フォームが表示される (FAILED - 37)[0m
[31m      prefecture編集フォームが表示される (FAILED - 38)[0m
[31m      introduction編集フォームが表示される (FAILED - 39)[0m
[31m      Update Bookボタンが表示される (FAILED - 40)[0m
[31m      投稿の削除リンクが表示される (FAILED - 41)[0m
    編集成功のテスト
[31m      nameが正しく更新される (FAILED - 42)[0m
[31m      genreが正しく更新される (FAILED - 43)[0m
[31m      birthdayが正しく更新される (FAILED - 44)[0m
[31m      ageが正しく更新される (FAILED - 45)[0m
[31m      genderが正しく更新される (FAILED - 46)[0m
[31m      prefectureが正しく更新される (FAILED - 47)[0m
[31m      introductionが正しく更新される (FAILED - 48)[0m
[31m      リダイレクト先が、更新した投稿の詳細画面になっている (FAILED - 49)[0m
  自分のユーザ詳細画面のテスト
    表示の確認
[31m      URLが正しい (FAILED - 50)[0m
[31m      投稿一覧のユーザ画像のリンク先が正しい (FAILED - 51)[0m
[31m      投稿一覧に自分の投稿のnameが表示され、リンクが正しい (FAILED - 52)[0m
[31m      投稿一覧に自分の投稿のbirthdayが表示される (FAILED - 53)[0m
[31m      他人の投稿は表示されない (FAILED - 54)[0m
    サイドバーの確認
[31m      自分の名前と紹介文が表示される (FAILED - 55)[0m
[31m      自分のユーザ編集画面へのリンクが存在する (FAILED - 56)[0m
  自分のユーザ情報編集画面のテスト
    表示の確認
[31m      URLが正しい (FAILED - 57)[0m
[31m      名前編集フォームに自分の名前が表示される (FAILED - 58)[0m
[31m      画像編集フォームが表示される (FAILED - 59)[0m
[31m      自己紹介編集フォームに自分の自己紹介文が表示される (FAILED - 60)[0m
[31m      Update Userボタンが表示される (FAILED - 61)[0m
    更新成功のテスト
[31m      last_nameが正しく更新される (FAILED - 62)[0m
[31m      introductionが正しく更新される (FAILED - 63)[0m
[31m      リダイレクト先が、自分のユーザ詳細画面になっている (FAILED - 64)[0m

Failures:

  1) Petモデルのテスト バリデーションのテスト introductionカラム 空欄でないこと
     [31mFailure/Error: [0mis_expected.to eq [1;36mtrue[0m[0m
     [31m[0m
     [31m  expected: true[0m
     [31m       got: false[0m
     [31m[0m
     [31m  (compared using ==)[0m
     [31m[0m
     [31m  Diff:[0m[0m
     [31m  [0m[34m@@ -1 +1 @@[0m
     [31m  [0m[31m-true[0m
     [31m  [0m[32m+false[0m
     [31m  [0m[0m
     [36m# ./spec/models/pet_spec.rb:22:in `block (4 levels) in <top (required)>'[0m

  2) Petモデルのテスト バリデーションのテスト introductionカラム 200文字以下であること: 200文字は〇
     [31mFailure/Error: [0mis_expected.to eq [1;36mtrue[0m[0m
     [31m[0m
     [31m  expected: true[0m
     [31m       got: false[0m
     [31m[0m
     [31m  (compared using ==)[0m
     [31m[0m
     [31m  Diff:[0m[0m
     [31m  [0m[34m@@ -1 +1 @@[0m
     [31m  [0m[31m-true[0m
     [31m  [0m[32m+false[0m
     [31m  [0m[0m
     [36m# ./spec/models/pet_spec.rb:26:in `block (4 levels) in <top (required)>'[0m

  3) Userモデルのテスト バリデーションのテスト introductionカラム 50文字以下であること: 50文字は〇
     [31mFailure/Error: [0mis_expected.to eq [1;36mtrue[0m[0m
     [31m[0m
     [31m  expected: true[0m
     [31m       got: false[0m
     [31m[0m
     [31m  (compared using ==)[0m
     [31m[0m
     [31m  Diff:[0m[0m
     [31m  [0m[34m@@ -1 +1 @@[0m
     [31m  [0m[31m-true[0m
     [31m  [0m[32m+false[0m
     [31m  [0m[0m
     [36m# ./spec/models/user_spec.rb:42:in `block (4 levels) in <main>'[0m

  4) [STEP1] ユーザログイン前のテスト ユーザ新規登録のテスト 表示内容の確認 「新規登録」と表示される
     [31mFailure/Error: [0m[32mexpect[0m(page).to have_content [31m[1;31m'[0m[31m新規登録[1;31m'[0m[31m[0m[0m
     [31m  expected to find text "新規登録" in "TOP ABOUT 飼い主さん募集中の動物たち 登録する ログイン\n新規会員登録\n名前(姓)(名) フリガナ(セイ)(メイ) メールアドレス 郵便番号（ハイフンなし） 住所 電話番号（ハイフンなし） パスワード（６文字以上） パスワード（確認用）\n既に登録済みの方は こちらからログインしてください\nプライバシー ·利用規約 ·サイトマップ ·企業情報\n© 2021 Find_Me, Inc. All rights reserved·"[0m
     [36m# ./spec/system/01_before_login_spec.rb:111:in `block (4 levels) in <main>'[0m

  5) [STEP1] ユーザログイン前のテスト ユーザ新規登録のテスト 表示内容の確認 Sign upボタンが表示される
     [31mFailure/Error: [0m[32mexpect[0m(page).to have_button [31m[1;31m'[0m[31mSign up[1;31m'[0m[31m[0m[0m
     [31m  expected to find button "Sign up" that is not disabled but there were no matches[0m
     [36m# ./spec/system/01_before_login_spec.rb:144:in `block (4 levels) in <main>'[0m

  6) [STEP1] ユーザログイン前のテスト ユーザ新規登録のテスト 新規登録成功のテスト 正しく新規登録される
     [31mFailure/Error: [0m[32mexpect[0m { click_button [31m[1;31m'[0m[31mSign up[1;31m'[0m[31m[0m }.to change([1;34;4mUser[0m.all, [33m:count[0m).by([1;34m1[0m)[0m
     [31m[0m
     [31mCapybara::ElementNotFound:[0m
     [31m  Unable to find button "Sign up" that is not disabled[0m
     [36m# /home/ec2-user/.rvm/gems/ruby-2.6.3/gems/capybara-3.34.0/lib/capybara/node/finders.rb:303:in `block in synced_resolve'[0m
     [36m# /home/ec2-user/.rvm/gems/ruby-2.6.3/gems/capybara-3.34.0/lib/capybara/node/base.rb:83:in `synchronize'[0m
     [36m# /home/ec2-user/.rvm/gems/ruby-2.6.3/gems/capybara-3.34.0/lib/capybara/node/finders.rb:292:in `synced_resolve'[0m
     [36m# /home/ec2-user/.rvm/gems/ruby-2.6.3/gems/capybara-3.34.0/lib/capybara/node/finders.rb:53:in `find'[0m
     [36m# /home/ec2-user/.rvm/gems/ruby-2.6.3/gems/capybara-3.34.0/lib/capybara/node/actions.rb:58:in `click_button'[0m
     [36m# /home/ec2-user/.rvm/gems/ruby-2.6.3/gems/capybara-3.34.0/lib/capybara/session.rb:768:in `block (2 levels) in <class:Session>'[0m
     [36m# /home/ec2-user/.rvm/gems/ruby-2.6.3/gems/capybara-3.34.0/lib/capybara/dsl.rb:58:in `block (2 levels) in <module:DSL>'[0m
     [36m# ./spec/system/01_before_login_spec.rb:163:in `block (5 levels) in <main>'[0m
     [36m# ./spec/system/01_before_login_spec.rb:163:in `block (4 levels) in <main>'[0m

  7) [STEP1] ユーザログイン前のテスト ユーザ新規登録のテスト 新規登録成功のテスト 新規登録後のリダイレクト先が、新規登録できたユーザの詳細画面になっている
     [31mFailure/Error: [0mclick_button [31m[1;31m'[0m[31mSign up[1;31m'[0m[31m[0m[0m
     [31m[0m
     [31mCapybara::ElementNotFound:[0m
     [31m  Unable to find button "Sign up" that is not disabled[0m
     [36m# /home/ec2-user/.rvm/gems/ruby-2.6.3/gems/capybara-3.34.0/lib/capybara/node/finders.rb:303:in `block in synced_resolve'[0m
     [36m# /home/ec2-user/.rvm/gems/ruby-2.6.3/gems/capybara-3.34.0/lib/capybara/node/base.rb:83:in `synchronize'[0m
     [36m# /home/ec2-user/.rvm/gems/ruby-2.6.3/gems/capybara-3.34.0/lib/capybara/node/finders.rb:292:in `synced_resolve'[0m
     [36m# /home/ec2-user/.rvm/gems/ruby-2.6.3/gems/capybara-3.34.0/lib/capybara/node/finders.rb:53:in `find'[0m
     [36m# /home/ec2-user/.rvm/gems/ruby-2.6.3/gems/capybara-3.34.0/lib/capybara/node/actions.rb:58:in `click_button'[0m
     [36m# /home/ec2-user/.rvm/gems/ruby-2.6.3/gems/capybara-3.34.0/lib/capybara/session.rb:768:in `block (2 levels) in <class:Session>'[0m
     [36m# /home/ec2-user/.rvm/gems/ruby-2.6.3/gems/capybara-3.34.0/lib/capybara/dsl.rb:58:in `block (2 levels) in <module:DSL>'[0m
     [36m# ./spec/system/01_before_login_spec.rb:166:in `block (4 levels) in <main>'[0m

  8) [STEP1] ユーザログイン前のテスト ユーザログイン ログイン成功のテスト ログイン後のリダイレクト先が、ログインしたユーザの詳細画面になっている
     [31mFailure/Error: [0m[32mexpect[0m(current_path).to eq [31m[1;31m'[0m[31m/users/[1;31m'[0m[31m[0m + user.id.to_s[0m
     [31m[0m
     [31m  expected: "/users/"[0m
     [31m       got: "/users/sign_in"[0m
     [31m[0m
     [31m  (compared using ==)[0m
     [36m# ./spec/system/01_before_login_spec.rb:205:in `block (4 levels) in <main>'[0m

  9) [STEP1] ユーザログイン前のテスト ヘッダーのテスト: ログインしている場合 ヘッダーの表示を確認 マイページリンクが表示される: 左上から2番目のリンクが「マイページ」である
     [31mFailure/Error: [0m[32mexpect[0m(users_link).to eq([31m[1;31m"[0m[31mマイページ[1;31m"[0m[31m[0m)[0m
     [31m[0m
     [31m  expected: "マイページ"[0m
     [31m       got: "ABOUT"[0m
     [31m[0m
     [31m  (compared using ==)[0m
     [36m# ./spec/system/01_before_login_spec.rb:239:in `block (4 levels) in <main>'[0m

  10) [STEP1] ユーザログイン前のテスト ヘッダーのテスト: ログインしている場合 ヘッダーの表示を確認 投稿フォームリンクが表示される: 左上から4番目のリンクが「投稿フォーム」である
      [31mFailure/Error: [0m[32mexpect[0m(pets_new_link).to eq([31m[1;31m"[0m[31m投稿フォーム[1;31m"[0m[31m[0m)[0m
      [31m[0m
      [31m  expected: "投稿フォーム"[0m
      [31m       got: "登録する"[0m
      [31m[0m
      [31m  (compared using ==)[0m
      [36m# ./spec/system/01_before_login_spec.rb:247:in `block (4 levels) in <main>'[0m

  11) [STEP1] ユーザログイン前のテスト ヘッダーのテスト: ログインしている場合 ヘッダーの表示を確認 ABOUTリンクが表示される: 左上から5番目のリンクが「ABOUT」である
      [31mFailure/Error: [0m[32mexpect[0m(about_link).to eq([31m[1;31m"[0m[31mABOUT[1;31m"[0m[31m[0m)[0m
      [31m[0m
      [31m  expected: "ABOUT"[0m
      [31m       got: "ログイン"[0m
      [31m[0m
      [31m  (compared using ==)[0m
      [36m# ./spec/system/01_before_login_spec.rb:251:in `block (4 levels) in <main>'[0m

  12) [STEP1] ユーザログイン前のテスト ヘッダーのテスト: ログインしている場合 ヘッダーの表示を確認 ログアウトリンクが表示される: 左上から6番目のリンクが「ログアウト」である
      [31mFailure/Error: [0m[32mexpect[0m(logout_link).to eq([31m[1;31m"[0m[31mログアウト[1;31m"[0m[31m[0m)[0m
      [31m[0m
      [31m  expected: "ログアウト"[0m
      [31m       got: "ゲストログイン（閲覧用）"[0m
      [31m[0m
      [31m  (compared using ==)[0m
      [36m# ./spec/system/01_before_login_spec.rb:255:in `block (4 levels) in <main>'[0m

  13) [STEP2] ユーザログイン後のテスト ヘッダーのテスト: ログインしている場合 リンクの内容を確認: ※logoutは『ユーザログアウトのテスト』でテスト済みになります。 マイページを押すと、自分のユーザ詳細画面に遷移する
      [31mFailure/Error: [0mis_expected.to eq [31m[1;31m'[0m[31m/users/[1;31m'[0m[31m[0m + user.id.to_s[0m
      [31m[0m
      [31m  expected: "/users/"[0m
      [31m       got: "/about"[0m
      [31m[0m
      [31m  (compared using ==)[0m
      [36m# ./spec/system/02_after_login_spec.rb:32:in `block (4 levels) in <main>'[0m

  14) [STEP2] ユーザログイン後のテスト ヘッダーのテスト: ログインしている場合 リンクの内容を確認: ※logoutは『ユーザログアウトのテスト』でテスト済みになります。 投稿フォームを押すと、ペット新規投稿フォームに遷移する
      [31mFailure/Error: [0mis_expected.to eq [31m[1;31m'[0m[31m/pets/new[1;31m'[0m[31m[0m[0m
      [31m[0m
      [31m  expected: "/pets/new"[0m
      [31m       got: "/users/sign_up"[0m
      [31m[0m
      [31m  (compared using ==)[0m
      [36m# ./spec/system/02_after_login_spec.rb:44:in `block (4 levels) in <main>'[0m

  15) [STEP2] ユーザログイン後のテスト ヘッダーのテスト: ログインしている場合 リンクの内容を確認: ※logoutは『ユーザログアウトのテスト』でテスト済みになります。 ABOUTを押すと、アバウト画面に遷移する
      [31mFailure/Error: [0mis_expected.to eq [31m[1;31m'[0m[31m/about[1;31m'[0m[31m[0m[0m
      [31m[0m
      [31m  expected: "/about"[0m
      [31m       got: "/users/sign_in"[0m
      [31m[0m
      [31m  (compared using ==)[0m
      [36m# ./spec/system/02_after_login_spec.rb:50:in `block (4 levels) in <main>'[0m

  16) [STEP2] ユーザログイン後のテスト ペット投稿一覧画面のテスト 表示内容の確認 自分の投稿と他人の投稿のペットの画像のリンク先がそれぞれ正しい
      [31mFailure/Error: [0m[32mexpect[0m(page).to have_link [31m[1;31m'[0m[31m[1;31m'[0m[31m[0m, [35mhref[0m: pet_path(pet)[0m
      [31m[0m
      [31mNameError:[0m
      [31m  undefined local variable or method `pet' for #<RSpec::ExampleGroups::STEP2::Nested_2::Nested:0x000000000b08ed90>[0m
      [31m  Did you mean?  put[0m
      [31m                 get[0m
      [36m# ./spec/system/02_after_login_spec.rb:65:in `block (4 levels) in <main>'[0m

  17) [STEP2] ユーザログイン後のテスト ペット投稿一覧画面のテスト 表示内容の確認 自分の投稿と他人の投稿のペットの性別が表示される
      [31mFailure/Error: [0m[32mexpect[0m(page).to have_content pet.gender[0m
      [31m[0m
      [31mNameError:[0m
      [31m  undefined local variable or method `pet' for #<RSpec::ExampleGroups::STEP2::Nested_2::Nested:0x000000000b52acf0>[0m
      [31m  Did you mean?  put[0m
      [31m                 get[0m
      [36m# ./spec/system/02_after_login_spec.rb:69:in `block (4 levels) in <main>'[0m

  18) [STEP2] ユーザログイン後のテスト ペット投稿一覧画面のテスト 表示内容の確認 自分の投稿と他人の投稿のペットの誕生日が表示される
      [31mFailure/Error: [0m[32mexpect[0m(page).to have_content pet.birthday[0m
      [31m[0m
      [31mNameError:[0m
      [31m  undefined local variable or method `pet' for #<RSpec::ExampleGroups::STEP2::Nested_2::Nested:0x000000000bfcc618>[0m
      [31m  Did you mean?  put[0m
      [31m                 get[0m
      [36m# ./spec/system/02_after_login_spec.rb:73:in `block (4 levels) in <main>'[0m

  19) [STEP2] ユーザログイン後のテスト ペット投稿一覧画面のテスト 表示内容の確認 自分の投稿と他人の投稿のペットの年齢が表示される
      [31mFailure/Error: [0m[32mexpect[0m(page).to have_content pet.age[0m
      [31m[0m
      [31mNameError:[0m
      [31m  undefined local variable or method `pet' for #<RSpec::ExampleGroups::STEP2::Nested_2::Nested:0x000000000be92fb8>[0m
      [31m  Did you mean?  put[0m
      [31m                 get[0m
      [36m# ./spec/system/02_after_login_spec.rb:77:in `block (4 levels) in <main>'[0m

  20) [STEP2] ユーザログイン後のテスト ペット投稿一覧画面のテスト 表示内容の確認 自分の投稿と他人の投稿のペットの都道府県が表示される
      [31mFailure/Error: [0m[32mexpect[0m(page).to have_content pet.prefecture.name[0m
      [31m[0m
      [31mNameError:[0m
      [31m  undefined local variable or method `pet' for #<RSpec::ExampleGroups::STEP2::Nested_2::Nested:0x000000000b847668>[0m
      [31m  Did you mean?  put[0m
      [31m                 get[0m
      [36m# ./spec/system/02_after_login_spec.rb:81:in `block (4 levels) in <main>'[0m

  21) [STEP2] ユーザログイン後のテスト ペット投稿一覧画面のテスト サイドバーの確認 自分の名前と紹介文が表示される
      [31mFailure/Error: [0m[32mexpect[0m(page).to have_content user.full_name[0m
      [31m  expected to find text "山田太郎" in "TOP ABOUT 飼い主さん募集中の動物たち 登録する ログイン\n条件で検索\nお誕生日 ~\n都道府県 ---- 北海道 青森県 岩手県 宮城県 秋田県 山形県 福島県 茨城県 栃木県 群馬県 埼玉県 千葉県 東京都 神奈川県 新潟県 富山県 石川県 福井県 山梨県 長野県 岐阜県 静岡県 愛知県 三重県 滋賀県 京都府 大阪府 兵庫県 奈良県 和歌山県 鳥取県 島根県 岡山県 広島県 山口県 徳島県 香川県 愛媛県 高知県 福岡県 佐賀県 長崎県 熊本県 大分県 宮崎県 鹿児島県 沖縄県\n性別 男の子♂ 女の子♀\nジャンル ----\n飼い主さんを募集中\nプライバシー ·利用規約 ·サイトマップ ·企業情報\n© 2021 Find_Me, Inc. All rights reserved·"[0m
      [36m# ./spec/system/02_after_login_spec.rb:88:in `block (4 levels) in <main>'[0m

  22) [STEP2] ユーザログイン後のテスト 自分の投稿詳細画面のテスト 表示内容の確認 URLが正しい
      [31mFailure/Error: [0mvisit pet_path(pet)[0m
      [31m[0m
      [31mNameError:[0m
      [31m  undefined local variable or method `pet' for #<RSpec::ExampleGroups::STEP2::Nested_3::Nested:0x000000000c509950>[0m
      [31m  Did you mean?  put[0m
      [31m                 get[0m
      [36m# ./spec/system/02_after_login_spec.rb:98:in `block (3 levels) in <main>'[0m

  23) [STEP2] ユーザログイン後のテスト 自分の投稿詳細画面のテスト 表示内容の確認 「ペット詳細」と表示される
      [31mFailure/Error: [0mvisit pet_path(pet)[0m
      [31m[0m
      [31mNameError:[0m
      [31m  undefined local variable or method `pet' for #<RSpec::ExampleGroups::STEP2::Nested_3::Nested:0x000000000c69e4a0>[0m
      [31m  Did you mean?  put[0m
      [31m                 get[0m
      [36m# ./spec/system/02_after_login_spec.rb:98:in `block (3 levels) in <main>'[0m

  24) [STEP2] ユーザログイン後のテスト 自分の投稿詳細画面のテスト 表示内容の確認 投稿ペットの名前が表示される
      [31mFailure/Error: [0mvisit pet_path(pet)[0m
      [31m[0m
      [31mNameError:[0m
      [31m  undefined local variable or method `pet' for #<RSpec::ExampleGroups::STEP2::Nested_3::Nested:0x000000000c833338>[0m
      [31m  Did you mean?  put[0m
      [31m                 get[0m
      [36m# ./spec/system/02_after_login_spec.rb:98:in `block (3 levels) in <main>'[0m

  25) [STEP2] ユーザログイン後のテスト 自分の投稿詳細画面のテスト 表示内容の確認 投稿ペットの誕生日が表示される
      [31mFailure/Error: [0mvisit pet_path(pet)[0m
      [31m[0m
      [31mNameError:[0m
      [31m  undefined local variable or method `pet' for #<RSpec::ExampleGroups::STEP2::Nested_3::Nested:0x000000000c9b81b8>[0m
      [31m  Did you mean?  put[0m
      [31m                 get[0m
      [36m# ./spec/system/02_after_login_spec.rb:98:in `block (3 levels) in <main>'[0m

  26) [STEP2] ユーザログイン後のテスト 自分の投稿詳細画面のテスト 表示内容の確認 投稿ペットの年齢が表示される
      [31mFailure/Error: [0mvisit pet_path(pet)[0m
      [31m[0m
      [31mNameError:[0m
      [31m  undefined local variable or method `pet' for #<RSpec::ExampleGroups::STEP2::Nested_3::Nested:0x000000000cb4ce70>[0m
      [31m  Did you mean?  put[0m
      [31m                 get[0m
      [36m# ./spec/system/02_after_login_spec.rb:98:in `block (3 levels) in <main>'[0m

  27) [STEP2] ユーザログイン後のテスト 自分の投稿詳細画面のテスト 表示内容の確認 投稿ペットの性別が表示される
      [31mFailure/Error: [0mvisit pet_path(pet)[0m
      [31m[0m
      [31mNameError:[0m
      [31m  undefined local variable or method `pet' for #<RSpec::ExampleGroups::STEP2::Nested_3::Nested:0x000000000ccddca8>[0m
      [31m  Did you mean?  put[0m
      [31m                 get[0m
      [36m# ./spec/system/02_after_login_spec.rb:98:in `block (3 levels) in <main>'[0m

  28) [STEP2] ユーザログイン後のテスト 自分の投稿詳細画面のテスト 表示内容の確認 投稿ペットの都道府県が表示される
      [31mFailure/Error: [0mvisit pet_path(pet)[0m
      [31m[0m
      [31mNameError:[0m
      [31m  undefined local variable or method `pet' for #<RSpec::ExampleGroups::STEP2::Nested_3::Nested:0x000000000ce829f0>[0m
      [31m  Did you mean?  put[0m
      [31m                 get[0m
      [36m# ./spec/system/02_after_login_spec.rb:98:in `block (3 levels) in <main>'[0m

  29) [STEP2] ユーザログイン後のテスト 自分の投稿詳細画面のテスト 表示内容の確認 投稿ペットの紹介が表示される
      [31mFailure/Error: [0mvisit pet_path(pet)[0m
      [31m[0m
      [31mNameError:[0m
      [31m  undefined local variable or method `pet' for #<RSpec::ExampleGroups::STEP2::Nested_3::Nested:0x000000000d003748>[0m
      [31m  Did you mean?  put[0m
      [31m                 get[0m
      [36m# ./spec/system/02_after_login_spec.rb:98:in `block (3 levels) in <main>'[0m

  30) [STEP2] ユーザログイン後のテスト 自分の投稿詳細画面のテスト 表示内容の確認 投稿の編集リンクが表示される
      [31mFailure/Error: [0mvisit pet_path(pet)[0m
      [31m[0m
      [31mNameError:[0m
      [31m  undefined local variable or method `pet' for #<RSpec::ExampleGroups::STEP2::Nested_3::Nested:0x000000000d18c5d8>[0m
      [31m  Did you mean?  put[0m
      [31m                 get[0m
      [36m# ./spec/system/02_after_login_spec.rb:98:in `block (3 levels) in <main>'[0m

  31) [STEP2] ユーザログイン後のテスト 自分の投稿詳細画面のテスト 編集リンクのテスト 編集画面に遷移する
      [31mFailure/Error: [0mvisit pet_path(pet)[0m
      [31m[0m
      [31mNameError:[0m
      [31m  undefined local variable or method `pet' for #<RSpec::ExampleGroups::STEP2::Nested_3::Nested_2:0x000000000d3206d8>[0m
      [31m  Did you mean?  put[0m
      [31m                 get[0m
      [36m# ./spec/system/02_after_login_spec.rb:98:in `block (3 levels) in <main>'[0m

  32) [STEP2] ユーザログイン後のテスト 自分の投稿編集画面のテスト 表示の確認 URLが正しい
      [31mFailure/Error: [0mvisit edit_pet_path(pet)[0m
      [31m[0m
      [31mNameError:[0m
      [31m  undefined local variable or method `pet' for #<RSpec::ExampleGroups::STEP2::Nested_4::Nested:0x000000000897c0b8>[0m
      [31m  Did you mean?  put[0m
      [31m                 get[0m
      [36m# ./spec/system/02_after_login_spec.rb:141:in `block (3 levels) in <main>'[0m

  33) [STEP2] ユーザログイン後のテスト 自分の投稿編集画面のテスト 表示の確認 「投稿内容編集」と表示される
      [31mFailure/Error: [0mvisit edit_pet_path(pet)[0m
      [31m[0m
      [31mNameError:[0m
      [31m  undefined local variable or method `pet' for #<RSpec::ExampleGroups::STEP2::Nested_4::Nested:0x0000000008b966f0>[0m
      [31m  Did you mean?  put[0m
      [31m                 get[0m
      [36m# ./spec/system/02_after_login_spec.rb:141:in `block (3 levels) in <main>'[0m

  34) [STEP2] ユーザログイン後のテスト 自分の投稿編集画面のテスト 表示の確認 name編集フォームが表示される
      [31mFailure/Error: [0mvisit edit_pet_path(pet)[0m
      [31m[0m
      [31mNameError:[0m
      [31m  undefined local variable or method `pet' for #<RSpec::ExampleGroups::STEP2::Nested_4::Nested:0x0000000008f93a50>[0m
      [31m  Did you mean?  put[0m
      [31m                 get[0m
      [36m# ./spec/system/02_after_login_spec.rb:141:in `block (3 levels) in <main>'[0m

  35) [STEP2] ユーザログイン後のテスト 自分の投稿編集画面のテスト 表示の確認 birthday編集フォームが表示される
      [31mFailure/Error: [0mvisit edit_pet_path(pet)[0m
      [31m[0m
      [31mNameError:[0m
      [31m  undefined local variable or method `pet' for #<RSpec::ExampleGroups::STEP2::Nested_4::Nested:0x00000000087edfa8>[0m
      [31m  Did you mean?  put[0m
      [31m                 get[0m
      [36m# ./spec/system/02_after_login_spec.rb:141:in `block (3 levels) in <main>'[0m

  36) [STEP2] ユーザログイン後のテスト 自分の投稿編集画面のテスト 表示の確認 age編集フォームが表示される
      [31mFailure/Error: [0mvisit edit_pet_path(pet)[0m
      [31m[0m
      [31mNameError:[0m
      [31m  undefined local variable or method `pet' for #<RSpec::ExampleGroups::STEP2::Nested_4::Nested:0x000000000930b818>[0m
      [31m  Did you mean?  put[0m
      [31m                 get[0m
      [36m# ./spec/system/02_after_login_spec.rb:141:in `block (3 levels) in <main>'[0m

  37) [STEP2] ユーザログイン後のテスト 自分の投稿編集画面のテスト 表示の確認 gender編集フォームが表示される
      [31mFailure/Error: [0mvisit edit_pet_path(pet)[0m
      [31m[0m
      [31mNameError:[0m
      [31m  undefined local variable or method `pet' for #<RSpec::ExampleGroups::STEP2::Nested_4::Nested:0x0000000009648328>[0m
      [31m  Did you mean?  put[0m
      [31m                 get[0m
      [36m# ./spec/system/02_after_login_spec.rb:141:in `block (3 levels) in <main>'[0m

  38) [STEP2] ユーザログイン後のテスト 自分の投稿編集画面のテスト 表示の確認 prefecture編集フォームが表示される
      [31mFailure/Error: [0mvisit edit_pet_path(pet)[0m
      [31m[0m
      [31mNameError:[0m
      [31m  undefined local variable or method `pet' for #<RSpec::ExampleGroups::STEP2::Nested_4::Nested:0x0000000009a12378>[0m
      [31m  Did you mean?  put[0m
      [31m                 get[0m
      [36m# ./spec/system/02_after_login_spec.rb:141:in `block (3 levels) in <main>'[0m

  39) [STEP2] ユーザログイン後のテスト 自分の投稿編集画面のテスト 表示の確認 introduction編集フォームが表示される
      [31mFailure/Error: [0mvisit edit_pet_path(pet)[0m
      [31m[0m
      [31mNameError:[0m
      [31m  undefined local variable or method `pet' for #<RSpec::ExampleGroups::STEP2::Nested_4::Nested:0x0000000009ca43c0>[0m
      [31m  Did you mean?  put[0m
      [31m                 get[0m
      [36m# ./spec/system/02_after_login_spec.rb:141:in `block (3 levels) in <main>'[0m

  40) [STEP2] ユーザログイン後のテスト 自分の投稿編集画面のテスト 表示の確認 Update Bookボタンが表示される
      [31mFailure/Error: [0mvisit edit_pet_path(pet)[0m
      [31m[0m
      [31mNameError:[0m
      [31m  undefined local variable or method `pet' for #<RSpec::ExampleGroups::STEP2::Nested_4::Nested:0x0000000009f4a598>[0m
      [31m  Did you mean?  put[0m
      [31m                 get[0m
      [36m# ./spec/system/02_after_login_spec.rb:141:in `block (3 levels) in <main>'[0m

  41) [STEP2] ユーザログイン後のテスト 自分の投稿編集画面のテスト 表示の確認 投稿の削除リンクが表示される
      [31mFailure/Error: [0mvisit edit_pet_path(pet)[0m
      [31m[0m
      [31mNameError:[0m
      [31m  undefined local variable or method `pet' for #<RSpec::ExampleGroups::STEP2::Nested_4::Nested:0x000000000a1808d0>[0m
      [31m  Did you mean?  put[0m
      [31m                 get[0m
      [36m# ./spec/system/02_after_login_spec.rb:141:in `block (3 levels) in <main>'[0m

  42) [STEP2] ユーザログイン後のテスト 自分の投稿編集画面のテスト 編集成功のテスト nameが正しく更新される
      [31mFailure/Error: [0mvisit edit_pet_path(pet)[0m
      [31m[0m
      [31mNameError:[0m
      [31m  undefined local variable or method `pet' for #<RSpec::ExampleGroups::STEP2::Nested_4::Nested_2:0x000000000a94bb00>[0m
      [31m  Did you mean?  put[0m
      [31m                 get[0m
      [36m# ./spec/system/02_after_login_spec.rb:141:in `block (3 levels) in <main>'[0m

  43) [STEP2] ユーザログイン後のテスト 自分の投稿編集画面のテスト 編集成功のテスト genreが正しく更新される
      [31mFailure/Error: [0mvisit edit_pet_path(pet)[0m
      [31m[0m
      [31mNameError:[0m
      [31m  undefined local variable or method `pet' for #<RSpec::ExampleGroups::STEP2::Nested_4::Nested_2:0x000000000be162d8>[0m
      [31m  Did you mean?  put[0m
      [31m                 get[0m
      [36m# ./spec/system/02_after_login_spec.rb:141:in `block (3 levels) in <main>'[0m

  44) [STEP2] ユーザログイン後のテスト 自分の投稿編集画面のテスト 編集成功のテスト birthdayが正しく更新される
      [31mFailure/Error: [0mvisit edit_pet_path(pet)[0m
      [31m[0m
      [31mNameError:[0m
      [31m  undefined local variable or method `pet' for #<RSpec::ExampleGroups::STEP2::Nested_4::Nested_2:0x000000000bfcf430>[0m
      [31m  Did you mean?  put[0m
      [31m                 get[0m
      [36m# ./spec/system/02_after_login_spec.rb:141:in `block (3 levels) in <main>'[0m

  45) [STEP2] ユーザログイン後のテスト 自分の投稿編集画面のテスト 編集成功のテスト ageが正しく更新される
      [31mFailure/Error: [0mvisit edit_pet_path(pet)[0m
      [31m[0m
      [31mNameError:[0m
      [31m  undefined local variable or method `pet' for #<RSpec::ExampleGroups::STEP2::Nested_4::Nested_2:0x000000000c1c5b68>[0m
      [31m  Did you mean?  put[0m
      [31m                 get[0m
      [36m# ./spec/system/02_after_login_spec.rb:141:in `block (3 levels) in <main>'[0m

  46) [STEP2] ユーザログイン後のテスト 自分の投稿編集画面のテスト 編集成功のテスト genderが正しく更新される
      [31mFailure/Error: [0mvisit edit_pet_path(pet)[0m
      [31m[0m
      [31mNameError:[0m
      [31m  undefined local variable or method `pet' for #<RSpec::ExampleGroups::STEP2::Nested_4::Nested_2:0x000000000b9af5f0>[0m
      [31m  Did you mean?  put[0m
      [31m                 get[0m
      [36m# ./spec/system/02_after_login_spec.rb:141:in `block (3 levels) in <main>'[0m

  47) [STEP2] ユーザログイン後のテスト 自分の投稿編集画面のテスト 編集成功のテスト prefectureが正しく更新される
      [31mFailure/Error: [0mvisit edit_pet_path(pet)[0m
      [31m[0m
      [31mNameError:[0m
      [31m  undefined local variable or method `pet' for #<RSpec::ExampleGroups::STEP2::Nested_4::Nested_2:0x000000000b84fdb8>[0m
      [31m  Did you mean?  put[0m
      [31m                 get[0m
      [36m# ./spec/system/02_after_login_spec.rb:141:in `block (3 levels) in <main>'[0m

  48) [STEP2] ユーザログイン後のテスト 自分の投稿編集画面のテスト 編集成功のテスト introductionが正しく更新される
      [31mFailure/Error: [0mvisit edit_pet_path(pet)[0m
      [31m[0m
      [31mNameError:[0m
      [31m  undefined local variable or method `pet' for #<RSpec::ExampleGroups::STEP2::Nested_4::Nested_2:0x000000000abecc88>[0m
      [31m  Did you mean?  put[0m
      [31m                 get[0m
      [36m# ./spec/system/02_after_login_spec.rb:141:in `block (3 levels) in <main>'[0m

  49) [STEP2] ユーザログイン後のテスト 自分の投稿編集画面のテスト 編集成功のテスト リダイレクト先が、更新した投稿の詳細画面になっている
      [31mFailure/Error: [0mvisit edit_pet_path(pet)[0m
      [31m[0m
      [31mNameError:[0m
      [31m  undefined local variable or method `pet' for #<RSpec::ExampleGroups::STEP2::Nested_4::Nested_2:0x000000000c36cf48>[0m
      [31m  Did you mean?  put[0m
      [31m                 get[0m
      [36m# ./spec/system/02_after_login_spec.rb:141:in `block (3 levels) in <main>'[0m

  50) [STEP2] ユーザログイン後のテスト 自分のユーザ詳細画面のテスト 表示の確認 URLが正しい
      [31mFailure/Error: [0mvisit user_path(user)[0m
      [31m[0m
      [31mActionController::UrlGenerationError:[0m
      [31m  No route matches {:action=>"show", :controller=>"users", :id=>nil}, missing required keys: [:id][0m
      [36m# ./spec/system/02_after_login_spec.rb:219:in `block (3 levels) in <main>'[0m

  51) [STEP2] ユーザログイン後のテスト 自分のユーザ詳細画面のテスト 表示の確認 投稿一覧のユーザ画像のリンク先が正しい
      [31mFailure/Error: [0mvisit user_path(user)[0m
      [31m[0m
      [31mActionController::UrlGenerationError:[0m
      [31m  No route matches {:action=>"show", :controller=>"users", :id=>nil}, missing required keys: [:id][0m
      [36m# ./spec/system/02_after_login_spec.rb:219:in `block (3 levels) in <main>'[0m

  52) [STEP2] ユーザログイン後のテスト 自分のユーザ詳細画面のテスト 表示の確認 投稿一覧に自分の投稿のnameが表示され、リンクが正しい
      [31mFailure/Error: [0mvisit user_path(user)[0m
      [31m[0m
      [31mActionController::UrlGenerationError:[0m
      [31m  No route matches {:action=>"show", :controller=>"users", :id=>nil}, missing required keys: [:id][0m
      [36m# ./spec/system/02_after_login_spec.rb:219:in `block (3 levels) in <main>'[0m

  53) [STEP2] ユーザログイン後のテスト 自分のユーザ詳細画面のテスト 表示の確認 投稿一覧に自分の投稿のbirthdayが表示される
      [31mFailure/Error: [0mvisit user_path(user)[0m
      [31m[0m
      [31mActionController::UrlGenerationError:[0m
      [31m  No route matches {:action=>"show", :controller=>"users", :id=>nil}, missing required keys: [:id][0m
      [36m# ./spec/system/02_after_login_spec.rb:219:in `block (3 levels) in <main>'[0m

  54) [STEP2] ユーザログイン後のテスト 自分のユーザ詳細画面のテスト 表示の確認 他人の投稿は表示されない
      [31mFailure/Error: [0mvisit user_path(user)[0m
      [31m[0m
      [31mActionController::UrlGenerationError:[0m
      [31m  No route matches {:action=>"show", :controller=>"users", :id=>nil}, missing required keys: [:id][0m
      [36m# ./spec/system/02_after_login_spec.rb:219:in `block (3 levels) in <main>'[0m

  55) [STEP2] ユーザログイン後のテスト 自分のユーザ詳細画面のテスト サイドバーの確認 自分の名前と紹介文が表示される
      [31mFailure/Error: [0mvisit user_path(user)[0m
      [31m[0m
      [31mActionController::UrlGenerationError:[0m
      [31m  No route matches {:action=>"show", :controller=>"users", :id=>nil}, missing required keys: [:id][0m
      [36m# ./spec/system/02_after_login_spec.rb:219:in `block (3 levels) in <main>'[0m

  56) [STEP2] ユーザログイン後のテスト 自分のユーザ詳細画面のテスト サイドバーの確認 自分のユーザ編集画面へのリンクが存在する
      [31mFailure/Error: [0mvisit user_path(user)[0m
      [31m[0m
      [31mActionController::UrlGenerationError:[0m
      [31m  No route matches {:action=>"show", :controller=>"users", :id=>nil}, missing required keys: [:id][0m
      [36m# ./spec/system/02_after_login_spec.rb:219:in `block (3 levels) in <main>'[0m

  57) [STEP2] ユーザログイン後のテスト 自分のユーザ情報編集画面のテスト 表示の確認 URLが正しい
      [31mFailure/Error: [0mvisit edit_user_path(user)[0m
      [31m[0m
      [31mActionController::UrlGenerationError:[0m
      [31m  No route matches {:action=>"edit", :controller=>"users", :id=>nil}, missing required keys: [:id][0m
      [36m# ./spec/system/02_after_login_spec.rb:255:in `block (3 levels) in <main>'[0m

  58) [STEP2] ユーザログイン後のテスト 自分のユーザ情報編集画面のテスト 表示の確認 名前編集フォームに自分の名前が表示される
      [31mFailure/Error: [0mvisit edit_user_path(user)[0m
      [31m[0m
      [31mActionController::UrlGenerationError:[0m
      [31m  No route matches {:action=>"edit", :controller=>"users", :id=>nil}, missing required keys: [:id][0m
      [36m# ./spec/system/02_after_login_spec.rb:255:in `block (3 levels) in <main>'[0m

  59) [STEP2] ユーザログイン後のテスト 自分のユーザ情報編集画面のテスト 表示の確認 画像編集フォームが表示される
      [31mFailure/Error: [0mvisit edit_user_path(user)[0m
      [31m[0m
      [31mActionController::UrlGenerationError:[0m
      [31m  No route matches {:action=>"edit", :controller=>"users", :id=>nil}, missing required keys: [:id][0m
      [36m# ./spec/system/02_after_login_spec.rb:255:in `block (3 levels) in <main>'[0m

  60) [STEP2] ユーザログイン後のテスト 自分のユーザ情報編集画面のテスト 表示の確認 自己紹介編集フォームに自分の自己紹介文が表示される
      [31mFailure/Error: [0mvisit edit_user_path(user)[0m
      [31m[0m
      [31mActionController::UrlGenerationError:[0m
      [31m  No route matches {:action=>"edit", :controller=>"users", :id=>nil}, missing required keys: [:id][0m
      [36m# ./spec/system/02_after_login_spec.rb:255:in `block (3 levels) in <main>'[0m

  61) [STEP2] ユーザログイン後のテスト 自分のユーザ情報編集画面のテスト 表示の確認 Update Userボタンが表示される
      [31mFailure/Error: [0mvisit edit_user_path(user)[0m
      [31m[0m
      [31mActionController::UrlGenerationError:[0m
      [31m  No route matches {:action=>"edit", :controller=>"users", :id=>nil}, missing required keys: [:id][0m
      [36m# ./spec/system/02_after_login_spec.rb:255:in `block (3 levels) in <main>'[0m

  62) [STEP2] ユーザログイン後のテスト 自分のユーザ情報編集画面のテスト 更新成功のテスト last_nameが正しく更新される
      [31mFailure/Error: [0mvisit edit_user_path(user)[0m
      [31m[0m
      [31mActionController::UrlGenerationError:[0m
      [31m  No route matches {:action=>"edit", :controller=>"users", :id=>nil}, missing required keys: [:id][0m
      [36m# ./spec/system/02_after_login_spec.rb:255:in `block (3 levels) in <main>'[0m

  63) [STEP2] ユーザログイン後のテスト 自分のユーザ情報編集画面のテスト 更新成功のテスト introductionが正しく更新される
      [31mFailure/Error: [0mvisit edit_user_path(user)[0m
      [31m[0m
      [31mActionController::UrlGenerationError:[0m
      [31m  No route matches {:action=>"edit", :controller=>"users", :id=>nil}, missing required keys: [:id][0m
      [36m# ./spec/system/02_after_login_spec.rb:255:in `block (3 levels) in <main>'[0m

  64) [STEP2] ユーザログイン後のテスト 自分のユーザ情報編集画面のテスト 更新成功のテスト リダイレクト先が、自分のユーザ詳細画面になっている
      [31mFailure/Error: [0mvisit edit_user_path(user)[0m
      [31m[0m
      [31mActionController::UrlGenerationError:[0m
      [31m  No route matches {:action=>"edit", :controller=>"users", :id=>nil}, missing required keys: [:id][0m
      [36m# ./spec/system/02_after_login_spec.rb:255:in `block (3 levels) in <main>'[0m

Finished in 5.62 seconds (files took 1.38 seconds to load)
[31m110 examples, 64 failures[0m

Failed examples:

[31mrspec ./spec/models/pet_spec.rb:20[0m [36m# Petモデルのテスト バリデーションのテスト introductionカラム 空欄でないこと[0m
[31mrspec ./spec/models/pet_spec.rb:24[0m [36m# Petモデルのテスト バリデーションのテスト introductionカラム 200文字以下であること: 200文字は〇[0m
[31mrspec ./spec/models/user_spec.rb:40[0m [36m# Userモデルのテスト バリデーションのテスト introductionカラム 50文字以下であること: 50文字は〇[0m
[31mrspec ./spec/system/01_before_login_spec.rb:110[0m [36m# [STEP1] ユーザログイン前のテスト ユーザ新規登録のテスト 表示内容の確認 「新規登録」と表示される[0m
[31mrspec ./spec/system/01_before_login_spec.rb:143[0m [36m# [STEP1] ユーザログイン前のテスト ユーザ新規登録のテスト 表示内容の確認 Sign upボタンが表示される[0m
[31mrspec ./spec/system/01_before_login_spec.rb:162[0m [36m# [STEP1] ユーザログイン前のテスト ユーザ新規登録のテスト 新規登録成功のテスト 正しく新規登録される[0m
[31mrspec ./spec/system/01_before_login_spec.rb:165[0m [36m# [STEP1] ユーザログイン前のテスト ユーザ新規登録のテスト 新規登録成功のテスト 新規登録後のリダイレクト先が、新規登録できたユーザの詳細画面になっている[0m
[31mrspec ./spec/system/01_before_login_spec.rb:204[0m [36m# [STEP1] ユーザログイン前のテスト ユーザログイン ログイン成功のテスト ログイン後のリダイレクト先が、ログインしたユーザの詳細画面になっている[0m
[31mrspec ./spec/system/01_before_login_spec.rb:237[0m [36m# [STEP1] ユーザログイン前のテスト ヘッダーのテスト: ログインしている場合 ヘッダーの表示を確認 マイページリンクが表示される: 左上から2番目のリンクが「マイページ」である[0m
[31mrspec ./spec/system/01_before_login_spec.rb:245[0m [36m# [STEP1] ユーザログイン前のテスト ヘッダーのテスト: ログインしている場合 ヘッダーの表示を確認 投稿フォームリンクが表示される: 左上から4番目のリンクが「投稿フォーム」である[0m
[31mrspec ./spec/system/01_before_login_spec.rb:249[0m [36m# [STEP1] ユーザログイン前のテスト ヘッダーのテスト: ログインしている場合 ヘッダーの表示を確認 ABOUTリンクが表示される: 左上から5番目のリンクが「ABOUT」である[0m
[31mrspec ./spec/system/01_before_login_spec.rb:253[0m [36m# [STEP1] ユーザログイン前のテスト ヘッダーのテスト: ログインしている場合 ヘッダーの表示を確認 ログアウトリンクが表示される: 左上から6番目のリンクが「ログアウト」である[0m
[31mrspec ./spec/system/02_after_login_spec.rb:28[0m [36m# [STEP2] ユーザログイン後のテスト ヘッダーのテスト: ログインしている場合 リンクの内容を確認: ※logoutは『ユーザログアウトのテスト』でテスト済みになります。 マイページを押すと、自分のユーザ詳細画面に遷移する[0m
[31mrspec ./spec/system/02_after_login_spec.rb:40[0m [36m# [STEP2] ユーザログイン後のテスト ヘッダーのテスト: ログインしている場合 リンクの内容を確認: ※logoutは『ユーザログアウトのテスト』でテスト済みになります。 投稿フォームを押すと、ペット新規投稿フォームに遷移する[0m
[31mrspec ./spec/system/02_after_login_spec.rb:46[0m [36m# [STEP2] ユーザログイン後のテスト ヘッダーのテスト: ログインしている場合 リンクの内容を確認: ※logoutは『ユーザログアウトのテスト』でテスト済みになります。 ABOUTを押すと、アバウト画面に遷移する[0m
[31mrspec ./spec/system/02_after_login_spec.rb:64[0m [36m# [STEP2] ユーザログイン後のテスト ペット投稿一覧画面のテスト 表示内容の確認 自分の投稿と他人の投稿のペットの画像のリンク先がそれぞれ正しい[0m
[31mrspec ./spec/system/02_after_login_spec.rb:68[0m [36m# [STEP2] ユーザログイン後のテスト ペット投稿一覧画面のテスト 表示内容の確認 自分の投稿と他人の投稿のペットの性別が表示される[0m
[31mrspec ./spec/system/02_after_login_spec.rb:72[0m [36m# [STEP2] ユーザログイン後のテスト ペット投稿一覧画面のテスト 表示内容の確認 自分の投稿と他人の投稿のペットの誕生日が表示される[0m
[31mrspec ./spec/system/02_after_login_spec.rb:76[0m [36m# [STEP2] ユーザログイン後のテスト ペット投稿一覧画面のテスト 表示内容の確認 自分の投稿と他人の投稿のペットの年齢が表示される[0m
[31mrspec ./spec/system/02_after_login_spec.rb:80[0m [36m# [STEP2] ユーザログイン後のテスト ペット投稿一覧画面のテスト 表示内容の確認 自分の投稿と他人の投稿のペットの都道府県が表示される[0m
[31mrspec ./spec/system/02_after_login_spec.rb:87[0m [36m# [STEP2] ユーザログイン後のテスト ペット投稿一覧画面のテスト サイドバーの確認 自分の名前と紹介文が表示される[0m
[31mrspec ./spec/system/02_after_login_spec.rb:102[0m [36m# [STEP2] ユーザログイン後のテスト 自分の投稿詳細画面のテスト 表示内容の確認 URLが正しい[0m
[31mrspec ./spec/system/02_after_login_spec.rb:105[0m [36m# [STEP2] ユーザログイン後のテスト 自分の投稿詳細画面のテスト 表示内容の確認 「ペット詳細」と表示される[0m
[31mrspec ./spec/system/02_after_login_spec.rb:108[0m [36m# [STEP2] ユーザログイン後のテスト 自分の投稿詳細画面のテスト 表示内容の確認 投稿ペットの名前が表示される[0m
[31mrspec ./spec/system/02_after_login_spec.rb:111[0m [36m# [STEP2] ユーザログイン後のテスト 自分の投稿詳細画面のテスト 表示内容の確認 投稿ペットの誕生日が表示される[0m
[31mrspec ./spec/system/02_after_login_spec.rb:114[0m [36m# [STEP2] ユーザログイン後のテスト 自分の投稿詳細画面のテスト 表示内容の確認 投稿ペットの年齢が表示される[0m
[31mrspec ./spec/system/02_after_login_spec.rb:117[0m [36m# [STEP2] ユーザログイン後のテスト 自分の投稿詳細画面のテスト 表示内容の確認 投稿ペットの性別が表示される[0m
[31mrspec ./spec/system/02_after_login_spec.rb:120[0m [36m# [STEP2] ユーザログイン後のテスト 自分の投稿詳細画面のテスト 表示内容の確認 投稿ペットの都道府県が表示される[0m
[31mrspec ./spec/system/02_after_login_spec.rb:123[0m [36m# [STEP2] ユーザログイン後のテスト 自分の投稿詳細画面のテスト 表示内容の確認 投稿ペットの紹介が表示される[0m
[31mrspec ./spec/system/02_after_login_spec.rb:126[0m [36m# [STEP2] ユーザログイン後のテスト 自分の投稿詳細画面のテスト 表示内容の確認 投稿の編集リンクが表示される[0m
[31mrspec ./spec/system/02_after_login_spec.rb:132[0m [36m# [STEP2] ユーザログイン後のテスト 自分の投稿詳細画面のテスト 編集リンクのテスト 編集画面に遷移する[0m
[31mrspec ./spec/system/02_after_login_spec.rb:145[0m [36m# [STEP2] ユーザログイン後のテスト 自分の投稿編集画面のテスト 表示の確認 URLが正しい[0m
[31mrspec ./spec/system/02_after_login_spec.rb:148[0m [36m# [STEP2] ユーザログイン後のテスト 自分の投稿編集画面のテスト 表示の確認 「投稿内容編集」と表示される[0m
[31mrspec ./spec/system/02_after_login_spec.rb:151[0m [36m# [STEP2] ユーザログイン後のテスト 自分の投稿編集画面のテスト 表示の確認 name編集フォームが表示される[0m
[31mrspec ./spec/system/02_after_login_spec.rb:154[0m [36m# [STEP2] ユーザログイン後のテスト 自分の投稿編集画面のテスト 表示の確認 birthday編集フォームが表示される[0m
[31mrspec ./spec/system/02_after_login_spec.rb:157[0m [36m# [STEP2] ユーザログイン後のテスト 自分の投稿編集画面のテスト 表示の確認 age編集フォームが表示される[0m
[31mrspec ./spec/system/02_after_login_spec.rb:160[0m [36m# [STEP2] ユーザログイン後のテスト 自分の投稿編集画面のテスト 表示の確認 gender編集フォームが表示される[0m
[31mrspec ./spec/system/02_after_login_spec.rb:163[0m [36m# [STEP2] ユーザログイン後のテスト 自分の投稿編集画面のテスト 表示の確認 prefecture編集フォームが表示される[0m
[31mrspec ./spec/system/02_after_login_spec.rb:166[0m [36m# [STEP2] ユーザログイン後のテスト 自分の投稿編集画面のテスト 表示の確認 introduction編集フォームが表示される[0m
[31mrspec ./spec/system/02_after_login_spec.rb:169[0m [36m# [STEP2] ユーザログイン後のテスト 自分の投稿編集画面のテスト 表示の確認 Update Bookボタンが表示される[0m
[31mrspec ./spec/system/02_after_login_spec.rb:172[0m [36m# [STEP2] ユーザログイン後のテスト 自分の投稿編集画面のテスト 表示の確認 投稿の削除リンクが表示される[0m
[31mrspec ./spec/system/02_after_login_spec.rb:189[0m [36m# [STEP2] ユーザログイン後のテスト 自分の投稿編集画面のテスト 編集成功のテスト nameが正しく更新される[0m
[31mrspec ./spec/system/02_after_login_spec.rb:192[0m [36m# [STEP2] ユーザログイン後のテスト 自分の投稿編集画面のテスト 編集成功のテスト genreが正しく更新される[0m
[31mrspec ./spec/system/02_after_login_spec.rb:195[0m [36m# [STEP2] ユーザログイン後のテスト 自分の投稿編集画面のテスト 編集成功のテスト birthdayが正しく更新される[0m
[31mrspec ./spec/system/02_after_login_spec.rb:198[0m [36m# [STEP2] ユーザログイン後のテスト 自分の投稿編集画面のテスト 編集成功のテスト ageが正しく更新される[0m
[31mrspec ./spec/system/02_after_login_spec.rb:201[0m [36m# [STEP2] ユーザログイン後のテスト 自分の投稿編集画面のテスト 編集成功のテスト genderが正しく更新される[0m
[31mrspec ./spec/system/02_after_login_spec.rb:204[0m [36m# [STEP2] ユーザログイン後のテスト 自分の投稿編集画面のテスト 編集成功のテスト prefectureが正しく更新される[0m
[31mrspec ./spec/system/02_after_login_spec.rb:207[0m [36m# [STEP2] ユーザログイン後のテスト 自分の投稿編集画面のテスト 編集成功のテスト introductionが正しく更新される[0m
[31mrspec ./spec/system/02_after_login_spec.rb:210[0m [36m# [STEP2] ユーザログイン後のテスト 自分の投稿編集画面のテスト 編集成功のテスト リダイレクト先が、更新した投稿の詳細画面になっている[0m
[31mrspec ./spec/system/02_after_login_spec.rb:223[0m [36m# [STEP2] ユーザログイン後のテスト 自分のユーザ詳細画面のテスト 表示の確認 URLが正しい[0m
[31mrspec ./spec/system/02_after_login_spec.rb:226[0m [36m# [STEP2] ユーザログイン後のテスト 自分のユーザ詳細画面のテスト 表示の確認 投稿一覧のユーザ画像のリンク先が正しい[0m
[31mrspec ./spec/system/02_after_login_spec.rb:229[0m [36m# [STEP2] ユーザログイン後のテスト 自分のユーザ詳細画面のテスト 表示の確認 投稿一覧に自分の投稿のnameが表示され、リンクが正しい[0m
[31mrspec ./spec/system/02_after_login_spec.rb:232[0m [36m# [STEP2] ユーザログイン後のテスト 自分のユーザ詳細画面のテスト 表示の確認 投稿一覧に自分の投稿のbirthdayが表示される[0m
[31mrspec ./spec/system/02_after_login_spec.rb:235[0m [36m# [STEP2] ユーザログイン後のテスト 自分のユーザ詳細画面のテスト 表示の確認 他人の投稿は表示されない[0m
[31mrspec ./spec/system/02_after_login_spec.rb:243[0m [36m# [STEP2] ユーザログイン後のテスト 自分のユーザ詳細画面のテスト サイドバーの確認 自分の名前と紹介文が表示される[0m
[31mrspec ./spec/system/02_after_login_spec.rb:247[0m [36m# [STEP2] ユーザログイン後のテスト 自分のユーザ詳細画面のテスト サイドバーの確認 自分のユーザ編集画面へのリンクが存在する[0m
[31mrspec ./spec/system/02_after_login_spec.rb:259[0m [36m# [STEP2] ユーザログイン後のテスト 自分のユーザ情報編集画面のテスト 表示の確認 URLが正しい[0m
[31mrspec ./spec/system/02_after_login_spec.rb:262[0m [36m# [STEP2] ユーザログイン後のテスト 自分のユーザ情報編集画面のテスト 表示の確認 名前編集フォームに自分の名前が表示される[0m
[31mrspec ./spec/system/02_after_login_spec.rb:265[0m [36m# [STEP2] ユーザログイン後のテスト 自分のユーザ情報編集画面のテスト 表示の確認 画像編集フォームが表示される[0m
[31mrspec ./spec/system/02_after_login_spec.rb:268[0m [36m# [STEP2] ユーザログイン後のテスト 自分のユーザ情報編集画面のテスト 表示の確認 自己紹介編集フォームに自分の自己紹介文が表示される[0m
[31mrspec ./spec/system/02_after_login_spec.rb:271[0m [36m# [STEP2] ユーザログイン後のテスト 自分のユーザ情報編集画面のテスト 表示の確認 Update Userボタンが表示される[0m
[31mrspec ./spec/system/02_after_login_spec.rb:284[0m [36m# [STEP2] ユーザログイン後のテスト 自分のユーザ情報編集画面のテスト 更新成功のテスト last_nameが正しく更新される[0m
[31mrspec ./spec/system/02_after_login_spec.rb:287[0m [36m# [STEP2] ユーザログイン後のテスト 自分のユーザ情報編集画面のテスト 更新成功のテスト introductionが正しく更新される[0m
[31mrspec ./spec/system/02_after_login_spec.rb:290[0m [36m# [STEP2] ユーザログイン後のテスト 自分のユーザ情報編集画面のテスト 更新成功のテスト リダイレクト先が、自分のユーザ詳細画面になっている[0m

